This is pdfTeX, Version 3.141592653-2.6-1.40.22 (TeX Live 2021) (preloaded format=pdflatex 2022.2.14)  21 MAR 2023 01:13
entering extended mode
 restricted \write18 enabled.
 file:line:error style messages enabled.
 %&-line parsing enabled.
**"/Users/terencetan/Documents/Uni stuff/Engineering Science/4YP/4YP-The-Future-of-Work/Report/Dissertation/Dissertation.tex"
(/Users/terencetan/Documents/Uni stuff/Engineering Science/4YP/4YP-The-Future-of-Work/Report/Dissertation/Dissertation.tex
LaTeX2e <2020-10-01> patch level 4
L3 programming layer <2021-02-18> (/usr/local/texlive/2021/texmf-dist/tex/latex/base/article.cls
Document Class: article 2020/04/10 v1.4m Standard LaTeX document class
(/usr/local/texlive/2021/texmf-dist/tex/latex/base/size11.clo
File: size11.clo 2020/04/10 v1.4m Standard LaTeX file (size option)
)
\c@part=\count179
\c@section=\count180
\c@subsection=\count181
\c@subsubsection=\count182
\c@paragraph=\count183
\c@subparagraph=\count184
\c@figure=\count185
\c@table=\count186
\abovecaptionskip=\skip47
\belowcaptionskip=\skip48
\bibindent=\dimen138
) (/usr/local/texlive/2021/texmf-dist/tex/latex/geometry/geometry.sty
Package: geometry 2020/01/02 v5.9 Page Geometry
 (/usr/local/texlive/2021/texmf-dist/tex/latex/graphics/keyval.sty
Package: keyval 2014/10/28 v1.15 key=value parser (DPC)
\KV@toks@=\toks15
) (/usr/local/texlive/2021/texmf-dist/tex/generic/iftex/ifvtex.sty
Package: ifvtex 2019/10/25 v1.7 ifvtex legacy package. Use iftex instead.
 (/usr/local/texlive/2021/texmf-dist/tex/generic/iftex/iftex.sty
Package: iftex 2020/03/06 v1.0d TeX engine tests
))
\Gm@cnth=\count187
\Gm@cntv=\count188
\c@Gm@tempcnt=\count189
\Gm@bindingoffset=\dimen139
\Gm@wd@mp=\dimen140
\Gm@odd@mp=\dimen141
\Gm@even@mp=\dimen142
\Gm@layoutwidth=\dimen143
\Gm@layoutheight=\dimen144
\Gm@layouthoffset=\dimen145
\Gm@layoutvoffset=\dimen146
\Gm@dimlist=\toks16
) (/usr/local/texlive/2021/texmf-dist/tex/latex/hyperref/hyperref.sty
Package: hyperref 2021-02-27 v7.00k Hypertext links for LaTeX
 (/usr/local/texlive/2021/texmf-dist/tex/generic/ltxcmds/ltxcmds.sty
Package: ltxcmds 2020-05-10 v1.25 LaTeX kernel commands for general use (HO)
) (/usr/local/texlive/2021/texmf-dist/tex/generic/pdftexcmds/pdftexcmds.sty
Package: pdftexcmds 2020-06-27 v0.33 Utility functions of pdfTeX for LuaTeX (HO)
 (/usr/local/texlive/2021/texmf-dist/tex/generic/infwarerr/infwarerr.sty
Package: infwarerr 2019/12/03 v1.5 Providing info/warning/error messages (HO)
)
Package pdftexcmds Info: \pdf@primitive is available.
Package pdftexcmds Info: \pdf@ifprimitive is available.
Package pdftexcmds Info: \pdfdraftmode found.
) (/usr/local/texlive/2021/texmf-dist/tex/generic/kvsetkeys/kvsetkeys.sty
Package: kvsetkeys 2019/12/15 v1.18 Key value parser (HO)
) (/usr/local/texlive/2021/texmf-dist/tex/generic/kvdefinekeys/kvdefinekeys.sty
Package: kvdefinekeys 2019-12-19 v1.6 Define keys (HO)
) (/usr/local/texlive/2021/texmf-dist/tex/generic/pdfescape/pdfescape.sty
Package: pdfescape 2019/12/09 v1.15 Implements pdfTeX's escape features (HO)
) (/usr/local/texlive/2021/texmf-dist/tex/latex/hycolor/hycolor.sty
Package: hycolor 2020-01-27 v1.10 Color options for hyperref/bookmark (HO)
) (/usr/local/texlive/2021/texmf-dist/tex/latex/letltxmacro/letltxmacro.sty
Package: letltxmacro 2019/12/03 v1.6 Let assignment for LaTeX macros (HO)
) (/usr/local/texlive/2021/texmf-dist/tex/latex/auxhook/auxhook.sty
Package: auxhook 2019-12-17 v1.6 Hooks for auxiliary files (HO)
) (/usr/local/texlive/2021/texmf-dist/tex/latex/kvoptions/kvoptions.sty
Package: kvoptions 2020-10-07 v3.14 Key value format for package options (HO)
)
\@linkdim=\dimen147
\Hy@linkcounter=\count190
\Hy@pagecounter=\count191
 (/usr/local/texlive/2021/texmf-dist/tex/latex/hyperref/pd1enc.def
File: pd1enc.def 2021-02-27 v7.00k Hyperref: PDFDocEncoding definition (HO)
Now handling font encoding PD1 ...
... no UTF-8 mapping file for font encoding PD1
) (/usr/local/texlive/2021/texmf-dist/tex/latex/hyperref/hyperref-langpatches.def
File: hyperref-langpatches.def 2021-02-27 v7.00k Hyperref: patches for babel languages
) (/usr/local/texlive/2021/texmf-dist/tex/generic/intcalc/intcalc.sty
Package: intcalc 2019/12/15 v1.3 Expandable calculations with integers (HO)
) (/usr/local/texlive/2021/texmf-dist/tex/generic/etexcmds/etexcmds.sty
Package: etexcmds 2019/12/15 v1.7 Avoid name clashes with e-TeX commands (HO)
)
\Hy@SavedSpaceFactor=\count192
 (/usr/local/texlive/2021/texmf-dist/tex/latex/hyperref/puenc.def
File: puenc.def 2021-02-27 v7.00k Hyperref: PDF Unicode definition (HO)
Now handling font encoding PU ...
... no UTF-8 mapping file for font encoding PU
)
Package hyperref Info: Hyper figures OFF on input line 4192.
Package hyperref Info: Link nesting OFF on input line 4197.
Package hyperref Info: Hyper index ON on input line 4200.
Package hyperref Info: Plain pages OFF on input line 4207.
Package hyperref Info: Backreferencing OFF on input line 4212.
Package hyperref Info: Implicit mode ON; LaTeX internals redefined.
Package hyperref Info: Bookmarks ON on input line 4445.
\c@Hy@tempcnt=\count193
 (/usr/local/texlive/2021/texmf-dist/tex/latex/url/url.sty
\Urlmuskip=\muskip16
Package: url 2013/09/16  ver 3.4  Verb mode for urls, etc.
)
LaTeX Info: Redefining \url on input line 4804.
\XeTeXLinkMargin=\dimen148
 (/usr/local/texlive/2021/texmf-dist/tex/generic/bitset/bitset.sty
Package: bitset 2019/12/09 v1.3 Handle bit-vector datatype (HO)
 (/usr/local/texlive/2021/texmf-dist/tex/generic/bigintcalc/bigintcalc.sty
Package: bigintcalc 2019/12/15 v1.5 Expandable calculations on big integers (HO)
))
\Fld@menulength=\count194
\Field@Width=\dimen149
\Fld@charsize=\dimen150
Package hyperref Info: Hyper figures OFF on input line 6075.
Package hyperref Info: Link nesting OFF on input line 6080.
Package hyperref Info: Hyper index ON on input line 6083.
Package hyperref Info: backreferencing OFF on input line 6090.
Package hyperref Info: Link coloring OFF on input line 6095.
Package hyperref Info: Link coloring with OCG OFF on input line 6100.
Package hyperref Info: PDF/A mode OFF on input line 6105.
LaTeX Info: Redefining \ref on input line 6145.
LaTeX Info: Redefining \pageref on input line 6149.
 (/usr/local/texlive/2021/texmf-dist/tex/latex/base/atbegshi-ltx.sty
Package: atbegshi-ltx 2020/08/17 v1.0a Emulation of the original atbegshi package
with kernel methods
)
\Hy@abspage=\count195
\c@Item=\count196
\c@Hfootnote=\count197
)
Package hyperref Info: Driver (autodetected): hpdftex.
 (/usr/local/texlive/2021/texmf-dist/tex/latex/hyperref/hpdftex.def
File: hpdftex.def 2021-02-27 v7.00k Hyperref driver for pdfTeX
 (/usr/local/texlive/2021/texmf-dist/tex/latex/base/atveryend-ltx.sty
Package: atveryend-ltx 2020/08/19 v1.0a Emulation of the original atvery package
with kernel methods
)
\Fld@listcount=\count198
\c@bookmark@seq@number=\count199
 (/usr/local/texlive/2021/texmf-dist/tex/latex/rerunfilecheck/rerunfilecheck.sty
Package: rerunfilecheck 2019/12/05 v1.9 Rerun checks for auxiliary files (HO)
 (/usr/local/texlive/2021/texmf-dist/tex/generic/uniquecounter/uniquecounter.sty
Package: uniquecounter 2019/12/15 v1.4 Provide unlimited unique counter (HO)
)
Package uniquecounter Info: New unique counter `rerunfilecheck' on input line 286.
)
\Hy@SectionHShift=\skip49
) (/usr/local/texlive/2021/texmf-dist/tex/latex/amsmath/amsmath.sty
Package: amsmath 2020/09/23 v2.17i AMS math features
\@mathmargin=\skip50

For additional information on amsmath, use the `?' option.
(/usr/local/texlive/2021/texmf-dist/tex/latex/amsmath/amstext.sty
Package: amstext 2000/06/29 v2.01 AMS text
 (/usr/local/texlive/2021/texmf-dist/tex/latex/amsmath/amsgen.sty
File: amsgen.sty 1999/11/30 v2.0 generic functions
\@emptytoks=\toks17
\ex@=\dimen151
)) (/usr/local/texlive/2021/texmf-dist/tex/latex/amsmath/amsbsy.sty
Package: amsbsy 1999/11/29 v1.2d Bold Symbols
\pmbraise@=\dimen152
) (/usr/local/texlive/2021/texmf-dist/tex/latex/amsmath/amsopn.sty
Package: amsopn 2016/03/08 v2.02 operator names
)
\inf@bad=\count266
LaTeX Info: Redefining \frac on input line 234.
\uproot@=\count267
\leftroot@=\count268
LaTeX Info: Redefining \overline on input line 399.
\classnum@=\count269
\DOTSCASE@=\count270
LaTeX Info: Redefining \ldots on input line 496.
LaTeX Info: Redefining \dots on input line 499.
LaTeX Info: Redefining \cdots on input line 620.
\Mathstrutbox@=\box47
\strutbox@=\box48
\big@size=\dimen153
LaTeX Font Info:    Redeclaring font encoding OML on input line 743.
LaTeX Font Info:    Redeclaring font encoding OMS on input line 744.
\macc@depth=\count271
\c@MaxMatrixCols=\count272
\dotsspace@=\muskip17
\c@parentequation=\count273
\dspbrk@lvl=\count274
\tag@help=\toks18
\row@=\count275
\column@=\count276
\maxfields@=\count277
\andhelp@=\toks19
\eqnshift@=\dimen154
\alignsep@=\dimen155
\tagshift@=\dimen156
\tagwidth@=\dimen157
\totwidth@=\dimen158
\lineht@=\dimen159
\@envbody=\toks20
\multlinegap=\skip51
\multlinetaggap=\skip52
\mathdisplay@stack=\toks21
LaTeX Info: Redefining \[ on input line 2923.
LaTeX Info: Redefining \] on input line 2924.
) (/usr/local/texlive/2021/texmf-dist/tex/latex/physics/physics.sty
Package: physics 
 (/usr/local/texlive/2021/texmf-dist/tex/latex/l3packages/xparse/xparse.sty (/usr/local/texlive/2021/texmf-dist/tex/latex/l3kernel/expl3.sty
Package: expl3 2021-02-18 L3 programming layer (loader) 
 (/usr/local/texlive/2021/texmf-dist/tex/latex/l3backend/l3backend-pdftex.def
File: l3backend-pdftex.def 2021-03-18 L3 backend support: PDF output (pdfTeX)
\l__color_backend_stack_int=\count278
\l__pdf_internal_box=\box49
)) (/usr/local/texlive/2021/texmf-dist/tex/latex/l3packages/xparse/xparse-2020-10-01.sty (/usr/local/texlive/2021/texmf-dist/tex/latex/l3packages/xparse/xparse-generic.tex)))) (/usr/local/texlive/2021/texmf-dist/tex/latex/graphics/graphicx.sty
Package: graphicx 2020/09/09 v1.2b Enhanced LaTeX Graphics (DPC,SPQR)
 (/usr/local/texlive/2021/texmf-dist/tex/latex/graphics/graphics.sty
Package: graphics 2020/08/30 v1.4c Standard LaTeX Graphics (DPC,SPQR)
 (/usr/local/texlive/2021/texmf-dist/tex/latex/graphics/trig.sty
Package: trig 2016/01/03 v1.10 sin cos tan (DPC)
) (/usr/local/texlive/2021/texmf-dist/tex/latex/graphics-cfg/graphics.cfg
File: graphics.cfg 2016/06/04 v1.11 sample graphics configuration
)
Package graphics Info: Driver file: pdftex.def on input line 105.
 (/usr/local/texlive/2021/texmf-dist/tex/latex/graphics-def/pdftex.def
File: pdftex.def 2020/10/05 v1.2a Graphics/color driver for pdftex
))
\Gin@req@height=\dimen160
\Gin@req@width=\dimen161
) (/usr/local/texlive/2021/texmf-dist/tex/latex/subfig/subfig.sty
Package: subfig 2005/06/28 ver: 1.3 subfig package
 (/usr/local/texlive/2021/texmf-dist/tex/latex/caption/caption.sty
Package: caption 2020/10/26 v3.5g Customizing captions (AR)
 (/usr/local/texlive/2021/texmf-dist/tex/latex/caption/caption3.sty
Package: caption3 2020/10/21 v2.2e caption3 kernel (AR)
\captionmargin=\dimen162
\captionmargin@=\dimen163
\captionwidth=\dimen164
\caption@tempdima=\dimen165
\caption@indent=\dimen166
\caption@parindent=\dimen167
\caption@hangindent=\dimen168
Package caption Info: Standard document class detected.
)
\c@caption@flags=\count279
\c@continuedfloat=\count280
Package caption Info: hyperref package is loaded.
)
\c@KVtest=\count281
\sf@farskip=\skip53
\sf@captopadj=\dimen169
\sf@capskip=\skip54
\sf@nearskip=\skip55
\c@subfigure=\count282
\c@subfigure@save=\count283
\c@lofdepth=\count284
\c@subtable=\count285
\c@subtable@save=\count286
\c@lotdepth=\count287
\sf@top=\skip56
\sf@bottom=\skip57
) (/usr/local/texlive/2021/texmf-dist/tex/latex/setspace/setspace.sty
Package: setspace 2011/12/19 v6.7a set line spacing
) (/usr/local/texlive/2021/texmf-dist/tex/latex/titlesec/titlesec.sty
Package: titlesec 2019/10/16 v2.13 Sectioning titles
\ttl@box=\box50
\beforetitleunit=\skip58
\aftertitleunit=\skip59
\ttl@plus=\dimen170
\ttl@minus=\dimen171
\ttl@toksa=\toks22
\titlewidth=\dimen172
\titlewidthlast=\dimen173
\titlewidthfirst=\dimen174
) (/usr/local/texlive/2021/texmf-dist/tex/latex/preprint/authblk.sty
Package: authblk 2001/02/27 1.3 (PWD)
\affilsep=\skip60
\@affilsep=\skip61
\c@Maxaffil=\count288
\c@authors=\count289
\c@affil=\count290
) (/usr/local/texlive/2021/texmf-dist/tex/latex/titling/titling.sty
Package: titling 2009/09/04 v2.1d maketitle typesetting
\thanksmarkwidth=\skip62
\thanksmargin=\skip63
\droptitle=\skip64
) (/usr/local/texlive/2021/texmf-dist/tex/latex/biblatex/biblatex.sty
Package: biblatex 2020/12/31 v3.16 programmable bibliographies (PK/MW)
 (/usr/local/texlive/2021/texmf-dist/tex/latex/etoolbox/etoolbox.sty
Package: etoolbox 2020/10/05 v2.5k e-TeX tools for LaTeX (JAW)
\etb@tempcnta=\count291
) (/usr/local/texlive/2021/texmf-dist/tex/latex/logreq/logreq.sty
Package: logreq 2010/08/04 v1.0 xml request logger
\lrq@indent=\count292
 (/usr/local/texlive/2021/texmf-dist/tex/latex/logreq/logreq.def
File: logreq.def 2010/08/04 v1.0 logreq spec v1.0
)) (/usr/local/texlive/2021/texmf-dist/tex/latex/base/ifthen.sty
Package: ifthen 2014/09/29 v1.1c Standard LaTeX ifthen package (DPC)
)
\c@tabx@nest=\count293
\c@listtotal=\count294
\c@listcount=\count295
\c@liststart=\count296
\c@liststop=\count297
\c@citecount=\count298
\c@citetotal=\count299
\c@multicitecount=\count300
\c@multicitetotal=\count301
\c@instcount=\count302
\c@maxnames=\count303
\c@minnames=\count304
\c@maxitems=\count305
\c@minitems=\count306
\c@citecounter=\count307
\c@maxcitecounter=\count308
\c@savedcitecounter=\count309
\c@uniquelist=\count310
\c@uniquename=\count311
\c@refsection=\count312
\c@refsegment=\count313
\c@maxextratitle=\count314
\c@maxextratitleyear=\count315
\c@maxextraname=\count316
\c@maxextradate=\count317
\c@maxextraalpha=\count318
\c@abbrvpenalty=\count319
\c@highnamepenalty=\count320
\c@lownamepenalty=\count321
\c@maxparens=\count322
\c@parenlevel=\count323
\blx@tempcnta=\count324
\blx@tempcntb=\count325
\blx@tempcntc=\count326
\blx@maxsection=\count327
\blx@maxsegment@0=\count328
\blx@notetype=\count329
\blx@parenlevel@text=\count330
\blx@parenlevel@foot=\count331
\blx@sectionciteorder@0=\count332
\blx@entrysetcounter=\count333
\blx@biblioinstance=\count334
\labelnumberwidth=\skip65
\labelalphawidth=\skip66
\biblabelsep=\skip67
\bibitemsep=\skip68
\bibnamesep=\skip69
\bibinitsep=\skip70
\bibparsep=\skip71
\bibhang=\skip72
\blx@bcfin=\read2
\blx@bcfout=\write3
\blx@langwohyphens=\language87
\c@mincomprange=\count335
\c@maxcomprange=\count336
\c@mincompwidth=\count337
Package biblatex Info: Trying to load biblatex default data model...
Package biblatex Info: ... file 'blx-dm.def' found.
 (/usr/local/texlive/2021/texmf-dist/tex/latex/biblatex/blx-dm.def
File: blx-dm.def 2020/12/31 v3.16 biblatex localization (PK/MW)
)
Package biblatex Info: Trying to load biblatex style data model...
Package biblatex Info: ... file 'authoryear.dbx' not found.
Package biblatex Info: Trying to load biblatex custom data model...
Package biblatex Info: ... file 'biblatex-dm.cfg' not found.
\c@afterword=\count338
\c@savedafterword=\count339
\c@annotator=\count340
\c@savedannotator=\count341
\c@author=\count342
\c@savedauthor=\count343
\c@bookauthor=\count344
\c@savedbookauthor=\count345
\c@commentator=\count346
\c@savedcommentator=\count347
\c@editor=\count348
\c@savededitor=\count349
\c@editora=\count350
\c@savededitora=\count351
\c@editorb=\count352
\c@savededitorb=\count353
\c@editorc=\count354
\c@savededitorc=\count355
\c@foreword=\count356
\c@savedforeword=\count357
\c@holder=\count358
\c@savedholder=\count359
\c@introduction=\count360
\c@savedintroduction=\count361
\c@namea=\count362
\c@savednamea=\count363
\c@nameb=\count364
\c@savednameb=\count365
\c@namec=\count366
\c@savednamec=\count367
\c@translator=\count368
\c@savedtranslator=\count369
\c@shortauthor=\count370
\c@savedshortauthor=\count371
\c@shorteditor=\count372
\c@savedshorteditor=\count373
\c@labelname=\count374
\c@savedlabelname=\count375
\c@institution=\count376
\c@savedinstitution=\count377
\c@lista=\count378
\c@savedlista=\count379
\c@listb=\count380
\c@savedlistb=\count381
\c@listc=\count382
\c@savedlistc=\count383
\c@listd=\count384
\c@savedlistd=\count385
\c@liste=\count386
\c@savedliste=\count387
\c@listf=\count388
\c@savedlistf=\count389
\c@location=\count390
\c@savedlocation=\count391
\c@organization=\count392
\c@savedorganization=\count393
\c@origlocation=\count394
\c@savedoriglocation=\count395
\c@origpublisher=\count396
\c@savedorigpublisher=\count397
\c@publisher=\count398
\c@savedpublisher=\count399
\c@language=\count400
\c@savedlanguage=\count401
\c@origlanguage=\count402
\c@savedoriglanguage=\count403
\c@pageref=\count404
\c@savedpageref=\count405
\shorthandwidth=\skip73
\shortjournalwidth=\skip74
\shortserieswidth=\skip75
\shorttitlewidth=\skip76
\shortauthorwidth=\skip77
\shorteditorwidth=\skip78
\locallabelnumberwidth=\skip79
\locallabelalphawidth=\skip80
\localshorthandwidth=\skip81
\localshortjournalwidth=\skip82
\localshortserieswidth=\skip83
\localshorttitlewidth=\skip84
\localshortauthorwidth=\skip85
\localshorteditorwidth=\skip86
Package biblatex Info: Trying to load compatibility code...
Package biblatex Info: ... file 'blx-compat.def' found.
 (/usr/local/texlive/2021/texmf-dist/tex/latex/biblatex/blx-compat.def
File: blx-compat.def 2020/12/31 v3.16 biblatex compatibility (PK/MW)
)
Package biblatex Info: Trying to load generic definitions...
Package biblatex Info: ... file 'biblatex.def' found.
 (/usr/local/texlive/2021/texmf-dist/tex/latex/biblatex/biblatex.def
File: biblatex.def 2020/12/31 v3.16 biblatex compatibility (PK/MW)
\c@textcitecount=\count406
\c@textcitetotal=\count407
\c@textcitemaxnames=\count408
\c@biburlbigbreakpenalty=\count409
\c@biburlbreakpenalty=\count410
\c@biburlnumpenalty=\count411
\c@biburlucpenalty=\count412
\c@biburllcpenalty=\count413
\biburlbigskip=\muskip18
\biburlnumskip=\muskip19
\biburlucskip=\muskip20
\biburllcskip=\muskip21
\c@smartand=\count414
)
Package biblatex Info: Trying to load bibliography style 'authoryear'...
Package biblatex Info: ... file 'authoryear.bbx' found.
 (/usr/local/texlive/2021/texmf-dist/tex/latex/biblatex/bbx/authoryear.bbx
File: authoryear.bbx 2020/12/31 v3.16 biblatex bibliography style (PK/MW)
Package biblatex Info: Trying to load bibliography style 'standard'...
Package biblatex Info: ... file 'standard.bbx' found.
 (/usr/local/texlive/2021/texmf-dist/tex/latex/biblatex/bbx/standard.bbx
File: standard.bbx 2020/12/31 v3.16 biblatex bibliography style (PK/MW)
\c@bbx:relatedcount=\count415
\c@bbx:relatedtotal=\count416
))
Package biblatex Info: Trying to load citation style 'apa'...
Package biblatex Info: ... file 'apa.cbx' found.
 (/usr/local/texlive/2021/texmf-dist/tex/latex/biblatex-apa/apa.cbx
File: apa.cbx 2020/08/28 v9.14 APA biblatex citation style
Package biblatex Info: Delimiter 'nameyeardelim' in context '' already defined, overwriting.
Package biblatex Info: Delimiter 'nameyeardelim' in context 'textcite' already defined, overwriting.
Package biblatex Info: Delimiter 'andothersdelim' in context '' already defined, overwriting.
Package biblatex Info: Redefining '\fullcite'.
Package biblatex Info: Redefining '\citeauthor'.
Package biblatex Info: Redefining '\citeyear'.
Package biblatex Info: Redefining '\cite'.
Package biblatex Info: Redefining '\cites'.
Package biblatex Info: Redefining '\parencite'.
Package biblatex Info: Redefining '\parencites'.
Package biblatex Info: Redefining '\footcite'.
Package biblatex Info: Redefining '\footcites'.
Package biblatex Info: Redefining '\footcitetext'.
Package biblatex Info: Redefining '\footcitetexts'.
Package biblatex Info: Redefining '\smartcite'.
Package biblatex Info: Redefining '\smartcites'.
Package biblatex Info: Redefining '\textcite'.
Package biblatex Info: Redefining '\textcites'.
)
Package biblatex Info: Trying to load configuration file...
Package biblatex Info: ... file 'biblatex.cfg' found.
 (/usr/local/texlive/2021/texmf-dist/tex/latex/biblatex/biblatex.cfg
File: biblatex.cfg 
)) (/usr/local/texlive/2021/texmf-dist/tex/latex/enumitem/enumitem.sty
Package: enumitem 2019/06/20 v3.9 Customized lists
\labelindent=\skip87
\enit@outerparindent=\dimen175
\enit@toks=\toks23
\enit@inbox=\box51
\enit@count@id=\count417
\enitdp@description=\count418
) (/usr/local/texlive/2021/texmf-dist/tex/latex/amsfonts/amsfonts.sty
Package: amsfonts 2013/01/14 v3.01 Basic AMSFonts support
\symAMSa=\mathgroup4
\symAMSb=\mathgroup5
LaTeX Font Info:    Redeclaring math symbol \hbar on input line 98.
LaTeX Font Info:    Overwriting math alphabet `\mathfrak' in version `bold'
(Font)                  U/euf/m/n --> U/euf/b/n on input line 106.
)
\@quotelevel=\count419
\@quotereset=\count420
 (/Users/terencetan/Documents/Uni stuff/Engineering Science/4YP/4YP-The-Future-of-Work/Report/Dissertation/Dissertation.aux)
\openout1 = `Dissertation.aux'.

LaTeX Font Info:    Checking defaults for OML/cmm/m/it on input line 32.
LaTeX Font Info:    ... okay on input line 32.
LaTeX Font Info:    Checking defaults for OMS/cmsy/m/n on input line 32.
LaTeX Font Info:    ... okay on input line 32.
LaTeX Font Info:    Checking defaults for OT1/cmr/m/n on input line 32.
LaTeX Font Info:    ... okay on input line 32.
LaTeX Font Info:    Checking defaults for T1/cmr/m/n on input line 32.
LaTeX Font Info:    ... okay on input line 32.
LaTeX Font Info:    Checking defaults for TS1/cmr/m/n on input line 32.
LaTeX Font Info:    ... okay on input line 32.
LaTeX Font Info:    Checking defaults for OMX/cmex/m/n on input line 32.
LaTeX Font Info:    ... okay on input line 32.
LaTeX Font Info:    Checking defaults for U/cmr/m/n on input line 32.
LaTeX Font Info:    ... okay on input line 32.
LaTeX Font Info:    Checking defaults for PD1/pdf/m/n on input line 32.
LaTeX Font Info:    ... okay on input line 32.
LaTeX Font Info:    Checking defaults for PU/pdf/m/n on input line 32.
LaTeX Font Info:    ... okay on input line 32.

*geometry* driver: auto-detecting
*geometry* detected driver: pdftex
*geometry* verbose mode - [ preamble ] result:
* driver: pdftex
* paper: a4paper
* layout: <same size as paper>
* layoutoffset:(h,v)=(0.0pt,0.0pt)
* modes: 
* h-part:(L,W,R)=(56.9055pt, 483.69687pt, 56.9055pt)
* v-part:(T,H,B)=(56.9055pt, 731.23584pt, 56.9055pt)
* \paperwidth=597.50787pt
* \paperheight=845.04684pt
* \textwidth=483.69687pt
* \textheight=731.23584pt
* \oddsidemargin=-15.36449pt
* \evensidemargin=-15.36449pt
* \topmargin=-52.36449pt
* \headheight=12.0pt
* \headsep=25.0pt
* \topskip=11.0pt
* \footskip=30.0pt
* \marginparwidth=59.0pt
* \marginparsep=10.0pt
* \columnsep=10.0pt
* \skip\footins=10.0pt plus 4.0pt minus 2.0pt
* \hoffset=0.0pt
* \voffset=0.0pt
* \mag=1000
* \@twocolumnfalse
* \@twosidefalse
* \@mparswitchfalse
* \@reversemarginfalse
* (1in=72.27pt=25.4mm, 1cm=28.453pt)

Package hyperref Info: Link coloring OFF on input line 32.
(/usr/local/texlive/2021/texmf-dist/tex/latex/hyperref/nameref.sty
Package: nameref 2021-04-02 v2.47 Cross-referencing by name of section
 (/usr/local/texlive/2021/texmf-dist/tex/latex/refcount/refcount.sty
Package: refcount 2019/12/15 v3.6 Data extraction from label references (HO)
) (/usr/local/texlive/2021/texmf-dist/tex/generic/gettitlestring/gettitlestring.sty
Package: gettitlestring 2019/12/15 v1.6 Cleanup title references (HO)
)
\c@section@level=\count421
)
LaTeX Info: Redefining \ref on input line 32.
LaTeX Info: Redefining \pageref on input line 32.
LaTeX Info: Redefining \nameref on input line 32.
\@outlinefile=\write4
\openout4 = `Dissertation.out'.

 (/usr/local/texlive/2021/texmf-dist/tex/context/base/mkii/supp-pdf.mkii
[Loading MPS to PDF converter (version 2006.09.02).]
\scratchcounter=\count422
\scratchdimen=\dimen176
\scratchbox=\box52
\nofMPsegments=\count423
\nofMParguments=\count424
\everyMPshowfont=\toks24
\MPscratchCnt=\count425
\MPscratchDim=\dimen177
\MPnumerator=\count426
\makeMPintoPDFobject=\count427
\everyMPtoPDFconversion=\toks25
) (/usr/local/texlive/2021/texmf-dist/tex/latex/epstopdf-pkg/epstopdf-base.sty
Package: epstopdf-base 2020-01-24 v2.11 Base part for package epstopdf
Package epstopdf-base Info: Redefining graphics rule for `.eps' on input line 485.
 (/usr/local/texlive/2021/texmf-dist/tex/latex/latexconfig/epstopdf-sys.cfg
File: epstopdf-sys.cfg 2010/07/13 v1.3 Configuration of (r)epstopdf for TeX Live
))
Package caption Info: Begin \AtBeginDocument code.
Package caption Info: subfig package v1.3 is loaded.
Package caption Info: End \AtBeginDocument code.
Package biblatex Info: Trying to load language 'english'...
Package biblatex Info: ... file 'english.lbx' found.
 (/usr/local/texlive/2021/texmf-dist/tex/latex/biblatex/lbx/english.lbx
File: english.lbx 2020/12/31 v3.16 biblatex localization (PK/MW)
)
Package biblatex Info: Input encoding 'utf8' detected.
Package biblatex Info: Automatic encoding selection.
(biblatex)             Assuming data encoding 'utf8'.
Package biblatex Info: Document encoding is UTF8 ....
Package biblatex Info: ... and expl3
(biblatex)             2021-02-18 L3 programming layer (loader) 
(biblatex)             is new enough (at least 2020/04/06),
(biblatex)             setting 'casechanger=expl3'.
 (/usr/local/texlive/2021/texmf-dist/tex/latex/biblatex/blx-case-expl3.sty
Package: blx-case-expl3 2020/12/31 v3.16 expl3 case changing code for biblatex
)
\openout3 = `Dissertation.bcf'.

Package biblatex Info: Trying to load bibliographic data...
Package biblatex Info: ... file 'Dissertation.bbl' not found.

No file Dissertation.bbl.
Package biblatex Info: Reference section=0 on input line 32.
Package biblatex Info: Reference segment=0 on input line 32.
LaTeX Font Info:    Trying to load font information for U+msa on input line 69.
(/usr/local/texlive/2021/texmf-dist/tex/latex/amsfonts/umsa.fd
File: umsa.fd 2013/01/14 v3.01 AMS symbols A
)
LaTeX Font Info:    Trying to load font information for U+msb on input line 69.
 (/usr/local/texlive/2021/texmf-dist/tex/latex/amsfonts/umsb.fd
File: umsb.fd 2013/01/14 v3.01 AMS symbols B
)
</Users/terencetan/Documents/Uni stuff/Engineering Science/4YP/4YP-The-Future-of-Work/Report/Figures/logo.png, id=4, 402.50375pt x 126.4725pt>
File: /Users/terencetan/Documents/Uni stuff/Engineering Science/4YP/4YP-The-Future-of-Work/Report/Figures/logo.png Graphic file (type png)
<use /Users/terencetan/Documents/Uni stuff/Engineering Science/4YP/4YP-The-Future-of-Work/Report/Figures/logo.png>
Package pdftex.def Info: /Users/terencetan/Documents/Uni stuff/Engineering Science/4YP/4YP-The-Future-of-Work/Report/Figures/logo.png  used on input line 96.
(pdftex.def)             Requested size: 241.84843pt x 75.99214pt.
 [1

{/usr/local/texlive/2021/texmf-var/fonts/map/pdftex/updmap/pdftex.map} </Users/terencetan/Documents/Uni stuff/Engineering Science/4YP/4YP-The-Future-of-Work/Report/Figures/logo.png>]pdfTeX warning (ext4): destination with the same identifier (name{page.1}) has been already used, duplicate ignored
<to be read again> 
                   \relax 
l.114 \newpage
               [1]

LaTeX Warning: Citation 'RePEc:ssa:lembks:dosietal-1988' on page 2 undefined on input line 120.


LaTeX Warning: Citation 'WoirolGregoryR1997Ttua' on page 2 undefined on input line 120.


LaTeX Warning: Citation '10.1257/jep.33.2.229' on page 2 undefined on input line 120.


LaTeX Warning: Citation 'Keynes2010' on page 2 undefined on input line 120.


LaTeX Warning: Citation 'SteigerwaldDavid2010WRtU' on page 2 undefined on input line 120.


LaTeX Warning: Citation 'rose_2021' on page 2 undefined on input line 120.


LaTeX Warning: Citation 'RoseElizabethL.2021TDoU' on page 2 undefined on input line 120.


LaTeX Warning: Citation 'krugman2019globalization' on page 2 undefined on input line 120.


LaTeX Warning: Citation '2002Wpa1' on page 2 undefined on input line 122.


LaTeX Warning: Citation 'science' on page 2 undefined on input line 127.


LaTeX Warning: Citation 'WHO' on page 2 undefined on input line 127.


LaTeX Warning: Citation 'publicservicesstrain' on page 2 undefined on input line 127.


LaTeX Warning: Citation 'futureofemployment' on page 2 undefined on input line 127.


LaTeX Warning: Citation 'tinker2002social' on page 2 undefined on input line 130.


LaTeX Warning: Citation 'Munger+2022' on page 2 undefined on input line 130.


LaTeX Warning: Citation 'noah_2019' on page 2 undefined on input line 130.


LaTeX Warning: Citation 'thompson_2020' on page 2 undefined on input line 130.


LaTeX Warning: Citation 'manning_2022' on page 2 undefined on input line 130.

[2]

LaTeX Warning: Citation 'Cheng2020' on page 3 undefined on input line 132.


LaTeX Warning: Citation 'foley_retooling_2020' on page 3 undefined on input line 136.


LaTeX Warning: Citation 'BeardsonTimothy2021Ag:C' on page 3 undefined on input line 138.


LaTeX Warning: Citation 'LuoYanan2021TaCf' on page 3 undefined on input line 138.


LaTeX Warning: Citation 'futureofemployment' on page 3 undefined on input line 142.


LaTeX Warning: Citation 'twinthreats' on page 3 undefined on input line 142.


LaTeX Warning: Citation 'GaussianProcess' on page 3 undefined on input line 142.


LaTeX Warning: Citation 'futureofemployment' on page 3 undefined on input line 142.


LaTeX Warning: Citation 'ageingculture' on page 3 undefined on input line 144.


LaTeX Warning: Citation 'levine2013modeling' on page 3 undefined on input line 144.


LaTeX Warning: Citation 'hayflick2007biological' on page 3 undefined on input line 144.


LaTeX Warning: Citation 'KotterGrhn2015' on page 3 undefined on input line 144.


LaTeX Warning: Citation 'SOTOPEREZDECELIS2018e305' on page 3 undefined on input line 144.


LaTeX Warning: Citation 'klemera2006new' on page 3 undefined on input line 144.


LaTeX Warning: Citation 'jylhava2017biological' on page 3 undefined on input line 144.


LaTeX Warning: Citation 'biologicalagedifficult' on page 3 undefined on input line 144.


LaTeX Warning: Citation 'who2010definition' on page 3 undefined on input line 144.


LaTeX Warning: Citation 'orimo2006reviewing' on page 3 undefined on input line 144.


LaTeX Warning: Citation 'oecddata' on page 3 undefined on input line 144.


LaTeX Warning: Citation 'MunnellAliciaH2013SSRR' on page 3 undefined on input line 144.


Overfull \hbox (180.20572pt too wide) in paragraph at lines 144--145
\OT1/cmr/m/n/10.95 be-yond us-ing chrono-log-i-cal age to de-fine an el-derly per-son ([])([])([]).
 []

[3] [4]

LaTeX Warning: Citation 'futureofemployment' on page 5 undefined on input line 152.


Overfull \hbox (24.83665pt too wide) in paragraph at lines 152--153
\OT1/cmr/m/n/10.95 tion within oc-cu-pa-tions. The dataset for the for-mer is pro-vided in an ear-lier work by [].
 []


LaTeX Warning: Reference `sec:Dataset' on page 5 undefined on input line 156.


LaTeX Warning: Reference `fig:df' on page 5 undefined on input line 156.

</Users/terencetan/Documents/Uni stuff/Engineering Science/4YP/4YP-The-Future-of-Work/Report/Figures/BLS dataset (before).png, id=42, 1067.99pt x 430.60875pt>
File: /Users/terencetan/Documents/Uni stuff/Engineering Science/4YP/4YP-The-Future-of-Work/Report/Figures/BLS dataset (before).png Graphic file (type png)
<use /Users/terencetan/Documents/Uni stuff/Engineering Science/4YP/4YP-The-Future-of-Work/Report/Figures/BLS dataset (before).png>
Package pdftex.def Info: /Users/terencetan/Documents/Uni stuff/Engineering Science/4YP/4YP-The-Future-of-Work/Report/Figures/BLS dataset (before).png  used on input line 160.
(pdftex.def)             Requested size: 341.43306pt x 137.6662pt.
[5 </Users/terencetan/Documents/Uni stuff/Engineering Science/4YP/4YP-The-Future-of-Work/Report/Figures/BLS dataset (before).png>] [6]

LaTeX Warning: Citation 'futureofemployment' on page 7 undefined on input line 177.


LaTeX Warning: Citation 'osborne2017future' on page 7 undefined on input line 177.


Overfull \hbox (35.91551pt too wide) in paragraph at lines 177--178
[]\OT1/cmr/m/n/10.95 This dataset (which we shall re-fer to as Au-tomata-bil-ity dataset) was ob-tained from [],
 []

[7]

LaTeX Warning: Reference `proportion' on page 8 undefined on input line 184.


LaTeX Warning: Reference `proportion' on page 8 undefined on input line 186.


LaTeX Warning: Citation 'covid2020unemployment' on page 8 undefined on input line 186.


LaTeX Warning: Citation 'congresscovidunemployment' on page 8 undefined on input line 186.


LaTeX Warning: Reference `proportionemp' on page 8 undefined on input line 186.

</Users/terencetan/Documents/Uni stuff/Engineering Science/4YP/4YP-The-Future-of-Work/Report/Figures/Proportion Major.png, id=73, 867.24pt x 578.16pt>
File: /Users/terencetan/Documents/Uni stuff/Engineering Science/4YP/4YP-The-Future-of-Work/Report/Figures/Proportion Major.png Graphic file (type png)
<use /Users/terencetan/Documents/Uni stuff/Engineering Science/4YP/4YP-The-Future-of-Work/Report/Figures/Proportion Major.png>
Package pdftex.def Info: /Users/terencetan/Documents/Uni stuff/Engineering Science/4YP/4YP-The-Future-of-Work/Report/Figures/Proportion Major.png  used on input line 192.
(pdftex.def)             Requested size: 241.84842pt x 161.23087pt.
</Users/terencetan/Documents/Uni stuff/Engineering Science/4YP/4YP-The-Future-of-Work/Report/Figures/Proportion Minor.png, id=74, 867.24pt x 578.16pt>
File: /Users/terencetan/Documents/Uni stuff/Engineering Science/4YP/4YP-The-Future-of-Work/Report/Figures/Proportion Minor.png Graphic file (type png)
<use /Users/terencetan/Documents/Uni stuff/Engineering Science/4YP/4YP-The-Future-of-Work/Report/Figures/Proportion Minor.png>
Package pdftex.def Info: /Users/terencetan/Documents/Uni stuff/Engineering Science/4YP/4YP-The-Future-of-Work/Report/Figures/Proportion Minor.png  used on input line 194.
(pdftex.def)             Requested size: 241.84842pt x 161.23087pt.
</Users/terencetan/Documents/Uni stuff/Engineering Science/4YP/4YP-The-Future-of-Work/Report/Figures/Proportion Broad.png, id=75, 867.24pt x 578.16pt>
File: /Users/terencetan/Documents/Uni stuff/Engineering Science/4YP/4YP-The-Future-of-Work/Report/Figures/Proportion Broad.png Graphic file (type png)
<use /Users/terencetan/Documents/Uni stuff/Engineering Science/4YP/4YP-The-Future-of-Work/Report/Figures/Proportion Broad.png>
Package pdftex.def Info: /Users/terencetan/Documents/Uni stuff/Engineering Science/4YP/4YP-The-Future-of-Work/Report/Figures/Proportion Broad.png  used on input line 196.
(pdftex.def)             Requested size: 241.84842pt x 161.23087pt.
</Users/terencetan/Documents/Uni stuff/Engineering Science/4YP/4YP-The-Future-of-Work/Report/Figures/Proportion Detailed.png, id=76, 867.24pt x 578.16pt>
File: /Users/terencetan/Documents/Uni stuff/Engineering Science/4YP/4YP-The-Future-of-Work/Report/Figures/Proportion Detailed.png Graphic file (type png)
<use /Users/terencetan/Documents/Uni stuff/Engineering Science/4YP/4YP-The-Future-of-Work/Report/Figures/Proportion Detailed.png>
Package pdftex.def Info: /Users/terencetan/Documents/Uni stuff/Engineering Science/4YP/4YP-The-Future-of-Work/Report/Figures/Proportion Detailed.png  used on input line 198.
(pdftex.def)             Requested size: 241.84842pt x 161.23087pt.
</Users/terencetan/Documents/Uni stuff/Engineering Science/4YP/4YP-The-Future-of-Work/Report/Figures/Proportion Major (employed).png, id=77, 867.24pt x 578.16pt>
File: /Users/terencetan/Documents/Uni stuff/Engineering Science/4YP/4YP-The-Future-of-Work/Report/Figures/Proportion Major (employed).png Graphic file (type png)
<use /Users/terencetan/Documents/Uni stuff/Engineering Science/4YP/4YP-The-Future-of-Work/Report/Figures/Proportion Major (employed).png>
Package pdftex.def Info: /Users/terencetan/Documents/Uni stuff/Engineering Science/4YP/4YP-The-Future-of-Work/Report/Figures/Proportion Major (employed).png  used on input line 206.
(pdftex.def)             Requested size: 241.84842pt x 161.23087pt.
</Users/terencetan/Documents/Uni stuff/Engineering Science/4YP/4YP-The-Future-of-Work/Report/Figures/Proportion Minor (employed).png, id=78, 867.24pt x 578.16pt>
File: /Users/terencetan/Documents/Uni stuff/Engineering Science/4YP/4YP-The-Future-of-Work/Report/Figures/Proportion Minor (employed).png Graphic file (type png)
<use /Users/terencetan/Documents/Uni stuff/Engineering Science/4YP/4YP-The-Future-of-Work/Report/Figures/Proportion Minor (employed).png>
Package pdftex.def Info: /Users/terencetan/Documents/Uni stuff/Engineering Science/4YP/4YP-The-Future-of-Work/Report/Figures/Proportion Minor (employed).png  used on input line 208.
(pdftex.def)             Requested size: 241.84842pt x 161.23087pt.
</Users/terencetan/Documents/Uni stuff/Engineering Science/4YP/4YP-The-Future-of-Work/Report/Figures/Proportion Broad (employed).png, id=79, 867.24pt x 578.16pt>
File: /Users/terencetan/Documents/Uni stuff/Engineering Science/4YP/4YP-The-Future-of-Work/Report/Figures/Proportion Broad (employed).png Graphic file (type png)
<use /Users/terencetan/Documents/Uni stuff/Engineering Science/4YP/4YP-The-Future-of-Work/Report/Figures/Proportion Broad (employed).png>
Package pdftex.def Info: /Users/terencetan/Documents/Uni stuff/Engineering Science/4YP/4YP-The-Future-of-Work/Report/Figures/Proportion Broad (employed).png  used on input line 210.
(pdftex.def)             Requested size: 241.84842pt x 161.23087pt.
</Users/terencetan/Documents/Uni stuff/Engineering Science/4YP/4YP-The-Future-of-Work/Report/Figures/Proportion Detailed (employed).png, id=80, 867.24pt x 578.16pt>
File: /Users/terencetan/Documents/Uni stuff/Engineering Science/4YP/4YP-The-Future-of-Work/Report/Figures/Proportion Detailed (employed).png Graphic file (type png)
<use /Users/terencetan/Documents/Uni stuff/Engineering Science/4YP/4YP-The-Future-of-Work/Report/Figures/Proportion Detailed (employed).png>
Package pdftex.def Info: /Users/terencetan/Documents/Uni stuff/Engineering Science/4YP/4YP-The-Future-of-Work/Report/Figures/Proportion Detailed (employed).png  used on input line 212.
(pdftex.def)             Requested size: 241.84842pt x 161.23087pt.

LaTeX Warning: Reference `subsec:projectoverview' on page 8 undefined on input line 220.


LaTeX Warning: Reference `fig:averageEP' on page 8 undefined on input line 220.


LaTeX Warning: Reference `fig:averageOP' on page 8 undefined on input line 220.


LaTeX Warning: Reference `subsec:crosscountrycomparison' on page 8 undefined on input line 220.


LaTeX Warning: Reference `fig:EP/OP against year' on page 8 undefined on input line 220.

</Users/terencetan/Documents/Uni stuff/Engineering Science/4YP/4YP-The-Future-of-Work/Report/Figures/Mean Major Group Elderly Proportion against Year.png, id=81, 505.89pt x 361.35pt>
File: /Users/terencetan/Documents/Uni stuff/Engineering Science/4YP/4YP-The-Future-of-Work/Report/Figures/Mean Major Group Elderly Proportion against Year.png Graphic file (type png)
<use /Users/terencetan/Documents/Uni stuff/Engineering Science/4YP/4YP-The-Future-of-Work/Report/Figures/Mean Major Group Elderly Proportion against Year.png>
Package pdftex.def Info: /Users/terencetan/Documents/Uni stuff/Engineering Science/4YP/4YP-The-Future-of-Work/Report/Figures/Mean Major Group Elderly Proportion against Year.png  used on input line 226.
(pdftex.def)             Requested size: 227.62204pt x 162.58945pt.
</Users/terencetan/Documents/Uni stuff/Engineering Science/4YP/4YP-The-Future-of-Work/Report/Figures/Mean Major Group Old Proportion against Year.png, id=82, 505.89pt x 361.35pt>
File: /Users/terencetan/Documents/Uni stuff/Engineering Science/4YP/4YP-The-Future-of-Work/Report/Figures/Mean Major Group Old Proportion against Year.png Graphic file (type png)
<use /Users/terencetan/Documents/Uni stuff/Engineering Science/4YP/4YP-The-Future-of-Work/Report/Figures/Mean Major Group Old Proportion against Year.png>
Package pdftex.def Info: /Users/terencetan/Documents/Uni stuff/Engineering Science/4YP/4YP-The-Future-of-Work/Report/Figures/Mean Major Group Old Proportion against Year.png  used on input line 228.
(pdftex.def)             Requested size: 227.62204pt x 162.58945pt.
</Users/terencetan/Documents/Uni stuff/Engineering Science/4YP/4YP-The-Future-of-Work/Report/Figures/Elderly Proportion against Year.png, id=83, 1300.86pt x 1156.32pt>
File: /Users/terencetan/Documents/Uni stuff/Engineering Science/4YP/4YP-The-Future-of-Work/Report/Figures/Elderly Proportion against Year.png Graphic file (type png)
<use /Users/terencetan/Documents/Uni stuff/Engineering Science/4YP/4YP-The-Future-of-Work/Report/Figures/Elderly Proportion against Year.png>
Package pdftex.def Info: /Users/terencetan/Documents/Uni stuff/Engineering Science/4YP/4YP-The-Future-of-Work/Report/Figures/Elderly Proportion against Year.png  used on input line 236.
(pdftex.def)             Requested size: 341.43306pt x 303.49443pt.
</Users/terencetan/Documents/Uni stuff/Engineering Science/4YP/4YP-The-Future-of-Work/Report/Figures/Old Proportion against Year.png, id=84, 1300.86pt x 1156.32pt>
File: /Users/terencetan/Documents/Uni stuff/Engineering Science/4YP/4YP-The-Future-of-Work/Report/Figures/Old Proportion against Year.png Graphic file (type png)
<use /Users/terencetan/Documents/Uni stuff/Engineering Science/4YP/4YP-The-Future-of-Work/Report/Figures/Old Proportion against Year.png>
Package pdftex.def Info: /Users/terencetan/Documents/Uni stuff/Engineering Science/4YP/4YP-The-Future-of-Work/Report/Figures/Old Proportion against Year.png  used on input line 238.
(pdftex.def)             Requested size: 341.43306pt x 303.49443pt.

LaTeX Warning: Reference `fig:EP/OP against year' on page 8 undefined on input line 244.


LaTeX Warning: Reference `fig:relativechange' on page 8 undefined on input line 244.

[8]
</Users/terencetan/Documents/Uni stuff/Engineering Science/4YP/4YP-The-Future-of-Work/Report/Figures/Relative change.png, id=92, 741.77126pt x 497.86pt>
File: /Users/terencetan/Documents/Uni stuff/Engineering Science/4YP/4YP-The-Future-of-Work/Report/Figures/Relative change.png Graphic file (type png)
<use /Users/terencetan/Documents/Uni stuff/Engineering Science/4YP/4YP-The-Future-of-Work/Report/Figures/Relative change.png>
Package pdftex.def Info: /Users/terencetan/Documents/Uni stuff/Engineering Science/4YP/4YP-The-Future-of-Work/Report/Figures/Relative change.png  used on input line 249.
(pdftex.def)             Requested size: 369.88582pt x 248.26086pt.
</Users/terencetan/Documents/Uni stuff/Engineering Science/4YP/4YP-The-Future-of-Work/Report/Figures/Relative change of OP.png, id=93, 722.7pt x 505.89pt>
File: /Users/terencetan/Documents/Uni stuff/Engineering Science/4YP/4YP-The-Future-of-Work/Report/Figures/Relative change of OP.png Graphic file (type png)
<use /Users/terencetan/Documents/Uni stuff/Engineering Science/4YP/4YP-The-Future-of-Work/Report/Figures/Relative change of OP.png>
Package pdftex.def Info: /Users/terencetan/Documents/Uni stuff/Engineering Science/4YP/4YP-The-Future-of-Work/Report/Figures/Relative change of OP.png  used on input line 251.
(pdftex.def)             Requested size: 369.88582pt x 258.91907pt.
 [9 </Users/terencetan/Documents/Uni stuff/Engineering Science/4YP/4YP-The-Future-of-Work/Report/Figures/Proportion Major.png> </Users/terencetan/Documents/Uni stuff/Engineering Science/4YP/4YP-The-Future-of-Work/Report/Figures/Proportion Minor.png> </Users/terencetan/Documents/Uni stuff/Engineering Science/4YP/4YP-The-Future-of-Work/Report/Figures/Proportion Broad.png> </Users/terencetan/Documents/Uni stuff/Engineering Science/4YP/4YP-The-Future-of-Work/Report/Figures/Proportion Detailed.png>]

LaTeX Warning: Citation 'futureofemployment' on page 10 undefined on input line 269.


LaTeX Warning: Reference `fig:jointautoratio' on page 10 undefined on input line 269.

[10 </Users/terencetan/Documents/Uni stuff/Engineering Science/4YP/4YP-The-Future-of-Work/Report/Figures/Proportion Major (employed).png> </Users/terencetan/Documents/Uni stuff/Engineering Science/4YP/4YP-The-Future-of-Work/Report/Figures/Proportion Minor (employed).png> </Users/terencetan/Documents/Uni stuff/Engineering Science/4YP/4YP-The-Future-of-Work/Report/Figures/Proportion Broad (employed).png> </Users/terencetan/Documents/Uni stuff/Engineering Science/4YP/4YP-The-Future-of-Work/Report/Figures/Proportion Detailed (employed).png> </Users/terencetan/Documents/Uni stuff/Engineering Science/4YP/4YP-The-Future-of-Work/Report/Figures/Mean Major Group Elderly Proportion against Year.png> </Users/terencetan/Documents/Uni stuff/Engineering Science/4YP/4YP-The-Future-of-Work/Report/Figures/Mean Major Group Old Proportion against Year.png>]

LaTeX Warning: Text page 11 contains only floats.

[11 </Users/terencetan/Documents/Uni stuff/Engineering Science/4YP/4YP-The-Future-of-Work/Report/Figures/Elderly Proportion against Year.png> </Users/terencetan/Documents/Uni stuff/Engineering Science/4YP/4YP-The-Future-of-Work/Report/Figures/Old Proportion against Year.png>]
</Users/terencetan/Documents/Uni stuff/Engineering Science/4YP/4YP-The-Future-of-Work/Report/Figures/joint_auto ratio.png, id=135, 867.24pt x 578.16pt>
File: /Users/terencetan/Documents/Uni stuff/Engineering Science/4YP/4YP-The-Future-of-Work/Report/Figures/joint_auto ratio.png Graphic file (type png)
<use /Users/terencetan/Documents/Uni stuff/Engineering Science/4YP/4YP-The-Future-of-Work/Report/Figures/joint_auto ratio.png>
Package pdftex.def Info: /Users/terencetan/Documents/Uni stuff/Engineering Science/4YP/4YP-The-Future-of-Work/Report/Figures/joint_auto ratio.png  used on input line 273.
(pdftex.def)             Requested size: 341.43306pt x 227.62523pt.


LaTeX Warning: Reference `sec:prelim findings' on page 12 undefined on input line 281.

[12 </Users/terencetan/Documents/Uni stuff/Engineering Science/4YP/4YP-The-Future-of-Work/Report/Figures/Relative change.png> </Users/terencetan/Documents/Uni stuff/Engineering Science/4YP/4YP-The-Future-of-Work/Report/Figures/Relative change of OP.png>]

LaTeX Warning: Reference `tab:mean and variance' on page 13 undefined on input line 283.


LaTeX Warning: No positions in optional float specifier.
               Default added (so using `tbp') on input line 285.


LaTeX Warning: Reference `fig:relativeweightage' on page 13 undefined on input line 299.


LaTeX Warning: Reference `fig:sampleprop vs popprop' on page 13 undefined on input line 299.

[13 </Users/terencetan/Documents/Uni stuff/Engineering Science/4YP/4YP-The-Future-of-Work/Report/Figures/joint_auto ratio.png>]
</Users/terencetan/Documents/Uni stuff/Engineering Science/4YP/4YP-The-Future-of-Work/Report/Figures/sample test.png, id=154, 497.86pt x 281.05pt>
File: /Users/terencetan/Documents/Uni stuff/Engineering Science/4YP/4YP-The-Future-of-Work/Report/Figures/sample test.png Graphic file (type png)
<use /Users/terencetan/Documents/Uni stuff/Engineering Science/4YP/4YP-The-Future-of-Work/Report/Figures/sample test.png>
Package pdftex.def Info: /Users/terencetan/Documents/Uni stuff/Engineering Science/4YP/4YP-The-Future-of-Work/Report/Figures/sample test.png  used on input line 306.
(pdftex.def)             Requested size: 341.43306pt x 192.74965pt.
</Users/terencetan/Documents/Uni stuff/Engineering Science/4YP/4YP-The-Future-of-Work/Report/Figures/Sample Proportion against Population Proportion.png, id=155, 714.67pt x 497.86pt>
File: /Users/terencetan/Documents/Uni stuff/Engineering Science/4YP/4YP-The-Future-of-Work/Report/Figures/Sample Proportion against Population Proportion.png Graphic file (type png)
<use /Users/terencetan/Documents/Uni stuff/Engineering Science/4YP/4YP-The-Future-of-Work/Report/Figures/Sample Proportion against Population Proportion.png>
Package pdftex.def Info: /Users/terencetan/Documents/Uni stuff/Engineering Science/4YP/4YP-The-Future-of-Work/Report/Figures/Sample Proportion against Population Proportion.png  used on input line 313.
(pdftex.def)             Requested size: 341.43306pt x 237.85336pt.
 [14 </Users/terencetan/Documents/Uni stuff/Engineering Science/4YP/4YP-The-Future-of-Work/Report/Figures/sample test.png>]

LaTeX Warning: Reference `fig:EP/OP against PCom' on page 15 undefined on input line 323.


LaTeX Warning: Reference `tab:correlation' on page 15 undefined on input line 323.


LaTeX Warning: Citation 'osborne2017future' on page 15 undefined on input line 323.


LaTeX Warning: Reference `subsec:Checking biasness' on page 15 undefined on input line 323.

</Users/terencetan/Documents/Uni stuff/Engineering Science/4YP/4YP-The-Future-of-Work/Report/Figures/Scatterplot of EP for DO.png, id=163, 867.24pt x 578.16pt>
File: /Users/terencetan/Documents/Uni stuff/Engineering Science/4YP/4YP-The-Future-of-Work/Report/Figures/Scatterplot of EP for DO.png Graphic file (type png)
<use /Users/terencetan/Documents/Uni stuff/Engineering Science/4YP/4YP-The-Future-of-Work/Report/Figures/Scatterplot of EP for DO.png>
Package pdftex.def Info: /Users/terencetan/Documents/Uni stuff/Engineering Science/4YP/4YP-The-Future-of-Work/Report/Figures/Scatterplot of EP for DO.png  used on input line 327.
(pdftex.def)             Requested size: 426.79134pt x 284.52713pt.
</Users/terencetan/Documents/Uni stuff/Engineering Science/4YP/4YP-The-Future-of-Work/Report/Figures/Scatterplot of OP for DO.png, id=164, 867.24pt x 578.16pt>
File: /Users/terencetan/Documents/Uni stuff/Engineering Science/4YP/4YP-The-Future-of-Work/Report/Figures/Scatterplot of OP for DO.png Graphic file (type png)
<use /Users/terencetan/Documents/Uni stuff/Engineering Science/4YP/4YP-The-Future-of-Work/Report/Figures/Scatterplot of OP for DO.png>
Package pdftex.def Info: /Users/terencetan/Documents/Uni stuff/Engineering Science/4YP/4YP-The-Future-of-Work/Report/Figures/Scatterplot of OP for DO.png  used on input line 329.
(pdftex.def)             Requested size: 426.79134pt x 284.52713pt.

LaTeX Warning: No positions in optional float specifier.
               Default added (so using `tbp') on input line 335.


LaTeX Warning: Reference `fig:EP/OP against PCom' on page 15 undefined on input line 343.


LaTeX Warning: Reference `fig:EP/OP against PCom' on page 15 undefined on input line 343.


LaTeX Warning: Reference `fig:EP/OP against PCom' on page 15 undefined on input line 348.


LaTeX Warning: Reference `fig:logEP/OP against PCom' on page 15 undefined on input line 348.


LaTeX Warning: Reference `fig:logOP against PCom' on page 15 undefined on input line 348.


LaTeX Warning: Reference `tab:logcorrelation' on page 15 undefined on input line 348.


LaTeX Warning: Citation 'osborne2017future' on page 15 undefined on input line 348.


LaTeX Warning: Citation 'HimmelreicherRalfK.2009Saao' on page 15 undefined on input line 348.

[15 </Users/terencetan/Documents/Uni stuff/Engineering Science/4YP/4YP-The-Future-of-Work/Report/Figures/Sample Proportion against Population Proportion.png>] [16 </Users/terencetan/Documents/Uni stuff/Engineering Science/4YP/4YP-The-Future-of-Work/Report/Figures/Scatterplot of EP for DO.png> </Users/terencetan/Documents/Uni stuff/Engineering Science/4YP/4YP-The-Future-of-Work/Report/Figures/Scatterplot of OP for DO.png>]

LaTeX Warning: No positions in optional float specifier.
               Default added (so using `tbp') on input line 351.


LaTeX Warning: Reference `fig:logEP/OP against PCom' on page 17 undefined on input line 359.


LaTeX Warning: Reference `fig:logEP/OP against PCom' on page 17 undefined on input line 359.

</Users/terencetan/Documents/Uni stuff/Engineering Science/4YP/4YP-The-Future-of-Work/Report/Figures/Scatterplot of log(EP) for DO.png, id=183, 867.24pt x 578.16pt>
File: /Users/terencetan/Documents/Uni stuff/Engineering Science/4YP/4YP-The-Future-of-Work/Report/Figures/Scatterplot of log(EP) for DO.png Graphic file (type png)
<use /Users/terencetan/Documents/Uni stuff/Engineering Science/4YP/4YP-The-Future-of-Work/Report/Figures/Scatterplot of log(EP) for DO.png>
Package pdftex.def Info: /Users/terencetan/Documents/Uni stuff/Engineering Science/4YP/4YP-The-Future-of-Work/Report/Figures/Scatterplot of log(EP) for DO.png  used on input line 366.
(pdftex.def)             Requested size: 426.79134pt x 284.52713pt.
</Users/terencetan/Documents/Uni stuff/Engineering Science/4YP/4YP-The-Future-of-Work/Report/Figures/Scatterplot of log(OP) for DO.png, id=184, 867.24pt x 578.16pt>
File: /Users/terencetan/Documents/Uni stuff/Engineering Science/4YP/4YP-The-Future-of-Work/Report/Figures/Scatterplot of log(OP) for DO.png Graphic file (type png)
<use /Users/terencetan/Documents/Uni stuff/Engineering Science/4YP/4YP-The-Future-of-Work/Report/Figures/Scatterplot of log(OP) for DO.png>
Package pdftex.def Info: /Users/terencetan/Documents/Uni stuff/Engineering Science/4YP/4YP-The-Future-of-Work/Report/Figures/Scatterplot of log(OP) for DO.png  used on input line 368.
(pdftex.def)             Requested size: 426.79134pt x 284.52713pt.

LaTeX Warning: Reference `sec:Dataset' on page 17 undefined on input line 378.


LaTeX Warning: Reference `fig:relativechange' on page 17 undefined on input line 378.


LaTeX Warning: Reference `fig:Relative change against PCom' on page 17 undefined on input line 378.


LaTeX Warning: Reference `tab:correlation for relative' on page 17 undefined on input line 378.


LaTeX Warning: Reference `fig:Relative change against PCom' on page 17 undefined on input line 378.

</Users/terencetan/Documents/Uni stuff/Engineering Science/4YP/4YP-The-Future-of-Work/Report/Figures/Scatter Relative change of EP for DO.png, id=185, 867.24pt x 578.16pt>
File: /Users/terencetan/Documents/Uni stuff/Engineering Science/4YP/4YP-The-Future-of-Work/Report/Figures/Scatter Relative change of EP for DO.png Graphic file (type png)
<use /Users/terencetan/Documents/Uni stuff/Engineering Science/4YP/4YP-The-Future-of-Work/Report/Figures/Scatter Relative change of EP for DO.png>
Package pdftex.def Info: /Users/terencetan/Documents/Uni stuff/Engineering Science/4YP/4YP-The-Future-of-Work/Report/Figures/Scatter Relative change of EP for DO.png  used on input line 385.
(pdftex.def)             Requested size: 426.79134pt x 284.52713pt.
</Users/terencetan/Documents/Uni stuff/Engineering Science/4YP/4YP-The-Future-of-Work/Report/Figures/Scatter Relative change of OP for DO.png, id=186, 867.24pt x 578.16pt>
File: /Users/terencetan/Documents/Uni stuff/Engineering Science/4YP/4YP-The-Future-of-Work/Report/Figures/Scatter Relative change of OP for DO.png Graphic file (type png)
<use /Users/terencetan/Documents/Uni stuff/Engineering Science/4YP/4YP-The-Future-of-Work/Report/Figures/Scatter Relative change of OP for DO.png>
Package pdftex.def Info: /Users/terencetan/Documents/Uni stuff/Engineering Science/4YP/4YP-The-Future-of-Work/Report/Figures/Scatter Relative change of OP for DO.png  used on input line 387.
(pdftex.def)             Requested size: 426.79134pt x 284.52713pt.

LaTeX Warning: No positions in optional float specifier.
               Default added (so using `tbp') on input line 393.


LaTeX Warning: Reference `fig:Relative change against PCom' on page 17 undefined on input line 401.


LaTeX Warning: Reference `fig:Relative change against PCom' on page 17 undefined on input line 401.

[17]
Overfull \vbox (3.4842pt too high) has occurred while \output is active []

 [18 </Users/terencetan/Documents/Uni stuff/Engineering Science/4YP/4YP-The-Future-of-Work/Report/Figures/Scatterplot of log(EP) for DO.png> </Users/terencetan/Documents/Uni stuff/Engineering Science/4YP/4YP-The-Future-of-Work/Report/Figures/Scatterplot of log(OP) for DO.png>] [19 </Users/terencetan/Documents/Uni stuff/Engineering Science/4YP/4YP-The-Future-of-Work/Report/Figures/Scatter Relative change of EP for DO.png> </Users/terencetan/Documents/Uni stuff/Engineering Science/4YP/4YP-The-Future-of-Work/Report/Figures/Scatter Relative change of OP for DO.png>]

LaTeX Warning: Citation 'paclearning1' on page 20 undefined on input line 420.


LaTeX Warning: Citation 'paclearning1' on page 20 undefined on input line 420.


LaTeX Warning: Citation 'romao2021tight' on page 20 undefined on input line 420.


LaTeX Warning: Citation 'kostas' on page 20 undefined on input line 420.


LaTeX Warning: Reference `eq:2' on page 20 undefined on input line 430.


LaTeX Warning: Reference `eq:1' on page 20 undefined on input line 430.

[20]

LaTeX Warning: Reference `eq:1' on page 21 undefined on input line 436.


/Users/terencetan/Documents/Uni stuff/Engineering Science/4YP/4YP-The-Future-of-Work/Report/Dissertation/Dissertation.tex:441: LaTeX Error: Environment theorem undefined.

See the LaTeX manual or LaTeX Companion for explanation.
Type  H <return>  for immediate help.
 ...                                              
                                                  
l.441 \begin{theorem}
                     
Your command was ignored.
Type  I <command> <return>  to replace it with another command,
or  <return>  to continue without it.


/Users/terencetan/Documents/Uni stuff/Engineering Science/4YP/4YP-The-Future-of-Work/Report/Dissertation/Dissertation.tex:443: LaTeX Error: \begin{document} ended by \end{theorem}.

See the LaTeX manual or LaTeX Companion for explanation.
Type  H <return>  for immediate help.
 ...                                              
                                                  
l.443 \end{theorem}
                   
Your command was ignored.
Type  I <command> <return>  to replace it with another command,
or  <return>  to continue without it.


/Users/terencetan/Documents/Uni stuff/Engineering Science/4YP/4YP-The-Future-of-Work/Report/Dissertation/Dissertation.tex:445: LaTeX Error: Environment theorem undefined.

See the LaTeX manual or LaTeX Companion for explanation.
Type  H <return>  for immediate help.
 ...                                              
                                                  
l.445 \begin{theorem}
                     
Your command was ignored.
Type  I <command> <return>  to replace it with another command,
or  <return>  to continue without it.


LaTeX Warning: Reference `eq:2' on page 21 undefined on input line 446.


/Users/terencetan/Documents/Uni stuff/Engineering Science/4YP/4YP-The-Future-of-Work/Report/Dissertation/Dissertation.tex:447: LaTeX Error: \begin{document} ended by \end{theorem}.

See the LaTeX manual or LaTeX Companion for explanation.
Type  H <return>  for immediate help.
 ...                                              
                                                  
l.447 \end{theorem}
                   
Your command was ignored.
Type  I <command> <return>  to replace it with another command,
or  <return>  to continue without it.


/Users/terencetan/Documents/Uni stuff/Engineering Science/4YP/4YP-The-Future-of-Work/Report/Dissertation/Dissertation.tex:449: LaTeX Error: Environment theorem undefined.

See the LaTeX manual or LaTeX Companion for explanation.
Type  H <return>  for immediate help.
 ...                                              
                                                  
l.449 \begin{theorem}
                     
Your command was ignored.
Type  I <command> <return>  to replace it with another command,
or  <return>  to continue without it.


LaTeX Warning: Reference `eq:2' on page 21 undefined on input line 450.


/Users/terencetan/Documents/Uni stuff/Engineering Science/4YP/4YP-The-Future-of-Work/Report/Dissertation/Dissertation.tex:451: LaTeX Error: \begin{document} ended by \end{theorem}.

See the LaTeX manual or LaTeX Companion for explanation.
Type  H <return>  for immediate help.
 ...                                              
                                                  
l.451 \end{theorem}
                   
Your command was ignored.
Type  I <command> <return>  to replace it with another command,
or  <return>  to continue without it.


Package amsmath Warning: Foreign command \atopwithdelims;
(amsmath)                \frac or \genfrac should be used instead
(amsmath)                 on input line 459.

[21]

LaTeX Warning: Reference `eq:2' on page 22 undefined on input line 475.


LaTeX Warning: Reference `eq:2' on page 22 undefined on input line 475.


LaTeX Warning: Reference `fig:pac' on page 22 undefined on input line 475.


LaTeX Warning: File `Report/Figures/pac.png' not found on input line 480.


/Users/terencetan/Documents/Uni stuff/Engineering Science/4YP/4YP-The-Future-of-Work/Report/Dissertation/Dissertation.tex:480: Package pdftex.def Error: File `Report/Figures/pac.png' not found: using draft setting.

See the pdftex.def package documentation for explanation.
Type  H <return>  for immediate help.
 ...                                              
                                                  
l.480 ...phics[width=12cm]{Report/Figures/pac.png}
                                                  
Try typing  <return>  to proceed.
If that doesn't work, type  X <return>  to quit.


LaTeX Warning: Reference `eq:4' on page 22 undefined on input line 485.


LaTeX Warning: Reference `fig:pac' on page 22 undefined on input line 485.


LaTeX Warning: Reference `tab:confidence' on page 22 undefined on input line 485.

[22]

LaTeX Warning: No positions in optional float specifier.
               Default added (so using `tbp') on input line 487.


LaTeX Warning: Citation 'kostas' on page 23 undefined on input line 500.


LaTeX Warning: Reference `eq:2' on page 23 undefined on input line 502.


LaTeX Warning: File `Report/Figures/pac5.png' not found on input line 515.


/Users/terencetan/Documents/Uni stuff/Engineering Science/4YP/4YP-The-Future-of-Work/Report/Dissertation/Dissertation.tex:515: Package pdftex.def Error: File `Report/Figures/pac5.png' not found: using draft setting.

See the pdftex.def package documentation for explanation.
Type  H <return>  for immediate help.
 ...                                              
                                                  
l.515 ...Report/Figures/pac5.png}\label{fig:pac5}}
                                                  
Try typing  <return>  to proceed.
If that doesn't work, type  X <return>  to quit.


/Users/terencetan/Documents/Uni stuff/Engineering Science/4YP/4YP-The-Future-of-Work/Report/Dissertation/Dissertation.tex:517: LaTeX Error: File `Report/Figures/pac10' not found.

See the LaTeX manual or LaTeX Companion for explanation.
Type  H <return>  for immediate help.
 ...                                              
                                                  
l.517 ...]{Report/Figures/pac10}\label{fig:pac10}}
                                                  
I could not locate the file with any of these extensions:
.pdf,.png,.jpg,.mps,.jpeg,.jbig2,.jb2,.PDF,.PNG,.JPG,.JPEG,.JBIG2,.JB2,.eps
Try typing  <return>  to proceed.
If that doesn't work, type  X <return>  to quit.


Overfull \hbox (12.33325pt too wide) in paragraph at lines 517--517
[]\OT1/cmr/m/n/9 (b)
 []


Overfull \hbox (14.19437pt too wide) in paragraph at lines 517--517
|$\OML/cmm/m/it/9 r \OT1/cmr/m/n/9 =
 []


Overfull \hbox (9.24994pt too wide) in paragraph at lines 517--517
\OT1/cmr/m/n/9 30$| 
 []


/Users/terencetan/Documents/Uni stuff/Engineering Science/4YP/4YP-The-Future-of-Work/Report/Dissertation/Dissertation.tex:523: LaTeX Error: File `Report/Figures/pac15' not found.

See the LaTeX manual or LaTeX Companion for explanation.
Type  H <return>  for immediate help.
 ...                                              
                                                  
l.523 ...]{Report/Figures/pac15}\label{fig:pac15}}
                                                  
I could not locate the file with any of these extensions:
.pdf,.png,.jpg,.mps,.jpeg,.jbig2,.jb2,.PDF,.PNG,.JPG,.JPEG,.JBIG2,.JB2,.eps
Try typing  <return>  to proceed.
If that doesn't work, type  X <return>  to quit.


Overfull \hbox (11.30548pt too wide) in paragraph at lines 523--523
[]\OT1/cmr/m/n/9 (c)
 []


Overfull \hbox (14.19437pt too wide) in paragraph at lines 523--523
|$\OML/cmm/m/it/9 r \OT1/cmr/m/n/9 =
 []


Overfull \hbox (9.24994pt too wide) in paragraph at lines 523--523
\OT1/cmr/m/n/9 45$| 
 []


/Users/terencetan/Documents/Uni stuff/Engineering Science/4YP/4YP-The-Future-of-Work/Report/Dissertation/Dissertation.tex:525: LaTeX Error: File `Report/Figures/pac20' not found.

See the LaTeX manual or LaTeX Companion for explanation.
Type  H <return>  for immediate help.
 ...                                              
                                                  
l.525 ...]{Report/Figures/pac20}\label{fig:pac20}}
                                                  
I could not locate the file with any of these extensions:
.pdf,.png,.jpg,.mps,.jpeg,.jbig2,.jb2,.PDF,.PNG,.JPG,.JPEG,.JBIG2,.JB2,.eps
Try typing  <return>  to proceed.
If that doesn't work, type  X <return>  to quit.


Overfull \hbox (12.33325pt too wide) in paragraph at lines 525--525
[]\OT1/cmr/m/n/9 (d)
 []


Overfull \hbox (14.19437pt too wide) in paragraph at lines 525--525
|$\OML/cmm/m/it/9 r \OT1/cmr/m/n/9 =
 []


Overfull \hbox (9.24994pt too wide) in paragraph at lines 525--525
\OT1/cmr/m/n/9 60$| 
 []


LaTeX Warning: No positions in optional float specifier.
               Default added (so using `tbp') on input line 532.

[23]

LaTeX Warning: Empty bibliography on input line 551.

[24] (/Users/terencetan/Documents/Uni stuff/Engineering Science/4YP/4YP-The-Future-of-Work/Report/Dissertation/Dissertation.aux)

LaTeX Warning: There were undefined references.


LaTeX Warning: Label(s) may have changed. Rerun to get cross-references right.


Package rerunfilecheck Warning: File `Dissertation.out' has changed.
(rerunfilecheck)                Rerun to get outlines right
(rerunfilecheck)                or use package `bookmark'.

Package rerunfilecheck Info: Checksums for `Dissertation.out':
(rerunfilecheck)             Before: <no file>
(rerunfilecheck)             After:  9545033B08151BFC42EB91B4A1CDC968;1998.

Package biblatex Warning: Please (re)run Biber on the file:
(biblatex)                Dissertation
(biblatex)                and rerun LaTeX afterwards.

Package logreq Info: Writing requests to 'Dissertation.run.xml'.
\openout1 = `Dissertation.run.xml'.

 ) 
Here is how much of TeX's memory you used:
 19417 strings out of 478994
 343689 string characters out of 5858184
 1059341 words of memory out of 5000000
 36539 multiletter control sequences out of 15000+600000
 415774 words of font info for 72 fonts, out of 8000000 for 9000
 1141 hyphenation exceptions out of 8191
 81i,15n,89p,3111b,788s stack positions out of 5000i,500n,10000p,200000b,80000s
pdfTeX warning (dest): name{Hfootnote.8} has been referenced but does not exist, replaced by a fixed one

pdfTeX warning (dest): name{Hfootnote.7} has been referenced but does not exist, replaced by a fixed one

pdfTeX warning (dest): name{Hfootnote.6} has been referenced but does not exist, replaced by a fixed one

pdfTeX warning (dest): name{Hfootnote.5} has been referenced but does not exist, replaced by a fixed one

pdfTeX warning (dest): name{Hfootnote.4} has been referenced but does not exist, replaced by a fixed one

pdfTeX warning (dest): name{Hfootnote.3} has been referenced but does not exist, replaced by a fixed one

pdfTeX warning (dest): name{Hfootnote.2} has been referenced but does not exist, replaced by a fixed one

pdfTeX warning (dest): name{Hfootnote.1} has been referenced but does not exist, replaced by a fixed one

</usr/local/texlive/2021/texmf-dist/fonts/type1/public/amsfonts/cm/cmbx10.pfb></usr/local/texlive/2021/texmf-dist/fonts/type1/public/amsfonts/cm/cmbx12.pfb></usr/local/texlive/2021/texmf-dist/fonts/type1/public/amsfonts/cm/cmbx9.pfb></usr/local/texlive/2021/texmf-dist/fonts/type1/public/amsfonts/cm/cmcsc10.pfb></usr/local/texlive/2021/texmf-dist/fonts/type1/public/amsfonts/cm/cmex10.pfb></usr/local/texlive/2021/texmf-dist/fonts/type1/public/amsfonts/cm/cmmi10.pfb></usr/local/texlive/2021/texmf-dist/fonts/type1/public/amsfonts/cm/cmmi6.pfb></usr/local/texlive/2021/texmf-dist/fonts/type1/public/amsfonts/cm/cmmi8.pfb></usr/local/texlive/2021/texmf-dist/fonts/type1/public/amsfonts/cm/cmmi9.pfb></usr/local/texlive/2021/texmf-dist/fonts/type1/public/amsfonts/cm/cmr10.pfb></usr/local/texlive/2021/texmf-dist/fonts/type1/public/amsfonts/cm/cmr12.pfb></usr/local/texlive/2021/texmf-dist/fonts/type1/public/amsfonts/cm/cmr6.pfb></usr/local/texlive/2021/texmf-dist/fonts/type1/public/amsfonts/cm/cmr8.pfb></usr/local/texlive/2021/texmf-dist/fonts/type1/public/amsfonts/cm/cmr9.pfb></usr/local/texlive/2021/texmf-dist/fonts/type1/public/amsfonts/cm/cmsy10.pfb></usr/local/texlive/2021/texmf-dist/fonts/type1/public/amsfonts/cm/cmsy8.pfb></usr/local/texlive/2021/texmf-dist/fonts/type1/public/amsfonts/cm/cmti10.pfb></usr/local/texlive/2021/texmf-dist/fonts/type1/public/amsfonts/cm/cmti12.pfb></usr/local/texlive/2021/texmf-dist/fonts/type1/public/amsfonts/cm/cmtt10.pfb></usr/local/texlive/2021/texmf-dist/fonts/type1/public/amsfonts/symbols/msbm10.pfb>
Output written on "/Users/terencetan/Documents/Uni stuff/Engineering Science/4YP/4YP-The-Future-of-Work/Report/Dissertation/Dissertation.pdf" (25 pages, 1457122 bytes).
PDF statistics:
 347 PDF objects out of 1000 (max. 8388607)
 247 compressed objects within 3 object streams
 98 named destinations out of 1000 (max. 500000)
 126 words of extra memory for PDF output out of 10000 (max. 10000000)

